Using pre-set license
Built from '2022.3/staging' branch; Version is '2022.3.21f1 (bf09ca542b87) revision 12519882'; Using compiler version '192829333'; Build Type 'Release'
OS: 'Windows 10  (10.0.19045) 64bit Enterprise' Language: 'fi' Physical Memory: 16171 MB
BatchMode: 1, IsHumanControllingUs: 0, StartBugReporterOnCrash: 0, Is64bit: 1, IsPro: 1

COMMAND LINE ARGUMENTS:
C:\Program Files\Unity\Hub\Editor\2022.3.21f1\Editor\Unity.exe
-adb2
-batchMode
-noUpm
-name
AssetImportWorker3
-projectPath
C:/Users/nadiia.haidash/Documents/GitHub/Summer-Memories/Summer Memories
-logFile
Logs/AssetImportWorker3.log
-srvPort
53907
Successfully changed project path to: C:/Users/nadiia.haidash/Documents/GitHub/Summer-Memories/Summer Memories
C:/Users/nadiia.haidash/Documents/GitHub/Summer-Memories/Summer Memories
[UnityMemory] Configuration Parameters - Can be set up in boot.config
    "memorysetup-bucket-allocator-granularity=16"
    "memorysetup-bucket-allocator-bucket-count=8"
    "memorysetup-bucket-allocator-block-size=33554432"
    "memorysetup-bucket-allocator-block-count=8"
    "memorysetup-main-allocator-block-size=16777216"
    "memorysetup-thread-allocator-block-size=16777216"
    "memorysetup-gfx-main-allocator-block-size=16777216"
    "memorysetup-gfx-thread-allocator-block-size=16777216"
    "memorysetup-cache-allocator-block-size=4194304"
    "memorysetup-typetree-allocator-block-size=2097152"
    "memorysetup-profiler-bucket-allocator-granularity=16"
    "memorysetup-profiler-bucket-allocator-bucket-count=8"
    "memorysetup-profiler-bucket-allocator-block-size=33554432"
    "memorysetup-profiler-bucket-allocator-block-count=8"
    "memorysetup-profiler-allocator-block-size=16777216"
    "memorysetup-profiler-editor-allocator-block-size=1048576"
    "memorysetup-temp-allocator-size-main=16777216"
    "memorysetup-job-temp-allocator-block-size=2097152"
    "memorysetup-job-temp-allocator-block-size-background=1048576"
    "memorysetup-job-temp-allocator-reduction-small-platforms=262144"
    "memorysetup-allocator-temp-initial-block-size-main=262144"
    "memorysetup-allocator-temp-initial-block-size-worker=262144"
    "memorysetup-temp-allocator-size-background-worker=32768"
    "memorysetup-temp-allocator-size-job-worker=262144"
    "memorysetup-temp-allocator-size-preload-manager=33554432"
    "memorysetup-temp-allocator-size-nav-mesh-worker=65536"
    "memorysetup-temp-allocator-size-audio-worker=65536"
    "memorysetup-temp-allocator-size-cloud-worker=32768"
    "memorysetup-temp-allocator-size-gi-baking-worker=262144"
    "memorysetup-temp-allocator-size-gfx=262144"
Player connection [29488] Host "[IP] 10.20.12.162 [Port] 0 [Flags] 2 [Guid] 1240179090 [EditorId] 1240179090 [Version] 1048832 [Id] WindowsEditor(7,VUOKSI-DT-93) [Debug] 1 [PackageName] WindowsEditor [ProjectName] Editor" joined multi-casting on [225.0.0.222:54997]...

Player connection [29488] Host "[IP] 10.20.12.162 [Port] 0 [Flags] 2 [Guid] 1240179090 [EditorId] 1240179090 [Version] 1048832 [Id] WindowsEditor(7,VUOKSI-DT-93) [Debug] 1 [PackageName] WindowsEditor [ProjectName] Editor" joined alternative multi-casting on [225.0.0.222:34997]...

[Physics::Module] Initialized MultithreadedJobDispatcher with 11 workers.
Refreshing native plugins compatible for Editor in 13.45 ms, found 4 plugins.
Preloading 0 native plugins for Editor in 0.00 ms.
Initialize engine version: 2022.3.21f1 (bf09ca542b87)
[Subsystems] Discovering subsystems at path C:/Program Files/Unity/Hub/Editor/2022.3.21f1/Editor/Data/Resources/UnitySubsystems
[Subsystems] Discovering subsystems at path C:/Users/nadiia.haidash/Documents/GitHub/Summer-Memories/Summer Memories/Assets
GfxDevice: creating device client; threaded=0; jobified=0
Direct3D:
    Version:  Direct3D 11.0 [level 11.1]
    Renderer: NVIDIA GeForce RTX 3060 (ID=0x2504)
    Vendor:   NVIDIA
    VRAM:     12115 MB
    Driver:   31.0.15.5222
Initialize mono
Mono path[0] = 'C:/Program Files/Unity/Hub/Editor/2022.3.21f1/Editor/Data/Managed'
Mono path[1] = 'C:/Program Files/Unity/Hub/Editor/2022.3.21f1/Editor/Data/MonoBleedingEdge/lib/mono/unityjit-win32'
Mono config path = 'C:/Program Files/Unity/Hub/Editor/2022.3.21f1/Editor/Data/MonoBleedingEdge/etc'
Using monoOptions --debugger-agent=transport=dt_socket,embedding=1,server=y,suspend=n,address=127.0.0.1:56120
Begin MonoManager ReloadAssembly
Registering precompiled unity dll's ...
Register platform support module: C:/Program Files/Unity/Hub/Editor/2022.3.21f1/Editor/Data/PlaybackEngines/WindowsStandaloneSupport/UnityEditor.WindowsStandalone.Extensions.dll
Registered in 0.012611 seconds.
- Loaded All Assemblies, in  0.269 seconds
Native extension for WindowsStandalone target not found
Mono: successfully reloaded assembly
- Finished resetting the current domain, in  0.183 seconds
Domain Reload Profiling: 449ms
	BeginReloadAssembly (89ms)
		ExecutionOrderSort (0ms)
		DisableScriptedObjects (0ms)
		BackupInstance (0ms)
		ReleaseScriptingObjects (0ms)
		CreateAndSetChildDomain (1ms)
	RebuildCommonClasses (25ms)
	RebuildNativeTypeToScriptingClass (7ms)
	initialDomainReloadingComplete (55ms)
	LoadAllAssembliesAndSetupDomain (90ms)
		LoadAssemblies (86ms)
		RebuildTransferFunctionScriptingTraits (0ms)
		AnalyzeDomain (89ms)
			TypeCache.Refresh (88ms)
				TypeCache.ScanAssembly (78ms)
			ScanForSourceGeneratedMonoScriptInfo (0ms)
			ResolveRequiredComponents (0ms)
	FinalizeReload (184ms)
		ReleaseScriptCaches (0ms)
		RebuildScriptCaches (0ms)
		SetupLoadedEditorAssemblies (144ms)
			LogAssemblyErrors (0ms)
			InitializePlatformSupportModulesInManaged (9ms)
			SetLoadedEditorAssemblies (5ms)
			RefreshPlugins (0ms)
			BeforeProcessingInitializeOnLoad (1ms)
			ProcessInitializeOnLoadAttributes (97ms)
			ProcessInitializeOnLoadMethodAttributes (31ms)
			AfterProcessingInitializeOnLoad (0ms)
			EditorAssembliesLoaded (0ms)
		ExecutionOrderSort2 (0ms)
		AwakeInstancesAfterBackupRestoration (0ms)
========================================================================
Worker process is ready to serve import requests
Begin MonoManager ReloadAssembly
- Loaded All Assemblies, in  0.508 seconds
Refreshing native plugins compatible for Editor in 6.21 ms, found 4 plugins.
Native extension for WindowsStandalone target not found
Package Manager log level set to [2]
[Package Manager] Server::EnsureServerProcessIsRunning -- launch failed, reason: Unity was launched with the -noUpm command-line argument
[Package Manager] UpmClient::Send -- Unable to send message (not connected to UPM process).
[Package Manager] Cannot connect to Unity Package Manager local server
Mono: successfully reloaded assembly
- Finished resetting the current domain, in  0.445 seconds
Domain Reload Profiling: 948ms
	BeginReloadAssembly (112ms)
		ExecutionOrderSort (0ms)
		DisableScriptedObjects (3ms)
		BackupInstance (0ms)
		ReleaseScriptingObjects (0ms)
		CreateAndSetChildDomain (14ms)
	RebuildCommonClasses (22ms)
	RebuildNativeTypeToScriptingClass (7ms)
	initialDomainReloadingComplete (34ms)
	LoadAllAssembliesAndSetupDomain (327ms)
		LoadAssemblies (275ms)
		RebuildTransferFunctionScriptingTraits (0ms)
		AnalyzeDomain (122ms)
			TypeCache.Refresh (102ms)
				TypeCache.ScanAssembly (91ms)
			ScanForSourceGeneratedMonoScriptInfo (15ms)
			ResolveRequiredComponents (4ms)
	FinalizeReload (445ms)
		ReleaseScriptCaches (0ms)
		RebuildScriptCaches (0ms)
		SetupLoadedEditorAssemblies (341ms)
			LogAssemblyErrors (0ms)
			InitializePlatformSupportModulesInManaged (7ms)
			SetLoadedEditorAssemblies (2ms)
			RefreshPlugins (0ms)
			BeforeProcessingInitializeOnLoad (61ms)
			ProcessInitializeOnLoadAttributes (236ms)
			ProcessInitializeOnLoadMethodAttributes (24ms)
			AfterProcessingInitializeOnLoad (10ms)
			EditorAssembliesLoaded (0ms)
		ExecutionOrderSort2 (0ms)
		AwakeInstancesAfterBackupRestoration (4ms)
Launched and connected shader compiler UnityShaderCompiler.exe after 0.03 seconds
Refreshing native plugins compatible for Editor in 5.86 ms, found 4 plugins.
Preloading 0 native plugins for Editor in 0.00 ms.
Unloading 4217 Unused Serialized files (Serialized files now loaded: 0)
Unloading 83 unused Assets / (317.0 KB). Loaded Objects now: 4673.
Memory consumption went from 151.5 MB to 151.2 MB.
Total: 2.451500 ms (FindLiveObjects: 0.182800 ms CreateObjectMapping: 0.085900 ms MarkObjects: 2.015300 ms  DeleteObjects: 0.165700 ms)

AssetImportParameters requested are different than current active one (requested -> active):
  custom:container-demuxer-ogg: 62fdf1f143b41e24485cea50d1cbac27 -> 
  custom:video-decoder-ogg-theora: a1e56fd34408186e4bbccfd4996cb3dc -> 
  custom:framework-win-MediaFoundation: 216162199b28c13a410421893ffa2e32 -> 
  custom:CustomObjectIndexerAttribute: 9a22284fe3817be447336de3de66b15e -> 
  custom:container-demuxer-webm: 4f35f7cbe854078d1ac9338744f61a02 -> 
  custom:container-muxer-webm: aa71ff27fc2769a1b78a27578f13a17b -> 
  custom:video-decoder-webm-vp8: 9c59270c3fd7afecdb556c50c9e8de78 -> 
  custom:SearchIndexIgnoredProperties: e643bd26f0fe6173181afceb89e7c659 -> 
  custom:AudioImporter_EditorPlatform: d09bf68614088b80899f8185d706f6e7 -> 
  custom:video-encoder-webm-vp8: eb34c28f22e8b96e1ab97ce403110664 -> 
  custom:audio-decoder-ogg-vorbis: bf7c407c2cedff20999df2af8eb42d56 -> 
  custom:audio-encoder-webm-vorbis: bf7c407c2cedff20999df2af8eb42d56 -> 
========================================================================
Received Prepare
Begin MonoManager ReloadAssembly
- Loaded All Assemblies, in  1.060 seconds
Refreshing native plugins compatible for Editor in 9.28 ms, found 5 plugins.
Native extension for WindowsStandalone target not found
[Package Manager] Server::EnsureServerProcessIsRunning -- launch failed, reason: Unity was launched with the -noUpm command-line argument
[Package Manager] UpmClient::Send -- Unable to send message (not connected to UPM process).
[Package Manager] Cannot connect to Unity Package Manager local server
Mono: successfully reloaded assembly
- Finished resetting the current domain, in  2.519 seconds
Domain Reload Profiling: 3549ms
	BeginReloadAssembly (201ms)
		ExecutionOrderSort (0ms)
		DisableScriptedObjects (8ms)
		BackupInstance (0ms)
		ReleaseScriptingObjects (0ms)
		CreateAndSetChildDomain (34ms)
	RebuildCommonClasses (34ms)
	RebuildNativeTypeToScriptingClass (16ms)
	initialDomainReloadingComplete (51ms)
	LoadAllAssembliesAndSetupDomain (728ms)
		LoadAssemblies (808ms)
		RebuildTransferFunctionScriptingTraits (0ms)
		AnalyzeDomain (39ms)
			TypeCache.Refresh (19ms)
				TypeCache.ScanAssembly (11ms)
			ScanForSourceGeneratedMonoScriptInfo (14ms)
			ResolveRequiredComponents (5ms)
	FinalizeReload (2520ms)
		ReleaseScriptCaches (0ms)
		RebuildScriptCaches (0ms)
		SetupLoadedEditorAssemblies (516ms)
			LogAssemblyErrors (0ms)
			InitializePlatformSupportModulesInManaged (9ms)
			SetLoadedEditorAssemblies (3ms)
			RefreshPlugins (0ms)
			BeforeProcessingInitializeOnLoad (99ms)
			ProcessInitializeOnLoadAttributes (353ms)
			ProcessInitializeOnLoadMethodAttributes (33ms)
			AfterProcessingInitializeOnLoad (19ms)
			EditorAssembliesLoaded (0ms)
		ExecutionOrderSort2 (0ms)
		AwakeInstancesAfterBackupRestoration (10ms)
Refreshing native plugins compatible for Editor in 7.97 ms, found 5 plugins.
Preloading 0 native plugins for Editor in 0.00 ms.
Unloading 5102 Unused Serialized files (Serialized files now loaded: 0)
Unloading 119 unused Assets / (5.9 MB). Loaded Objects now: 5531.
Memory consumption went from 186.2 MB to 180.3 MB.
Total: 4.105300 ms (FindLiveObjects: 0.256900 ms CreateObjectMapping: 0.143100 ms MarkObjects: 2.211200 ms  DeleteObjects: 1.493100 ms)

Prepare: number of updated asset objects reloaded= 0
AssetImportParameters requested are different than current active one (requested -> active):
  custom:container-demuxer-ogg: 62fdf1f143b41e24485cea50d1cbac27 -> 
  custom:video-decoder-ogg-theora: a1e56fd34408186e4bbccfd4996cb3dc -> 
  custom:framework-win-MediaFoundation: 216162199b28c13a410421893ffa2e32 -> 
  custom:CustomObjectIndexerAttribute: 9a22284fe3817be447336de3de66b15e -> 
  custom:container-demuxer-webm: 4f35f7cbe854078d1ac9338744f61a02 -> 
  custom:container-muxer-webm: aa71ff27fc2769a1b78a27578f13a17b -> 
  custom:video-decoder-webm-vp8: 9c59270c3fd7afecdb556c50c9e8de78 -> 
  custom:SearchIndexIgnoredProperties: e643bd26f0fe6173181afceb89e7c659 -> 
  custom:AudioImporter_EditorPlatform: d09bf68614088b80899f8185d706f6e7 -> 
  custom:video-encoder-webm-vp8: eb34c28f22e8b96e1ab97ce403110664 -> 
  custom:audio-decoder-ogg-vorbis: bf7c407c2cedff20999df2af8eb42d56 -> 
  custom:audio-encoder-webm-vorbis: bf7c407c2cedff20999df2af8eb42d56 -> 
========================================================================
Received Import Request.
  Time since last request: 78849.672650 seconds.
  path: Assets/Pics/Backgrounds/2 2.png
  artifactKey: Guid(ce1cb7113cc58734e97c67aa56db0cfd) Importer(815301076,1909f56bfc062723c751e8b465ee728b)
Start importing Assets/Pics/Backgrounds/2 2.png using Guid(ce1cb7113cc58734e97c67aa56db0cfd) Importer(815301076,1909f56bfc062723c751e8b465ee728b)  -> (artifact id: 'd5d950e9e1ac08424b04c2e7bedc2950') in 0.080294 seconds
Number of updated asset objects reloaded before import = 0
Number of asset objects unloaded after import = 3
========================================================================
Received Import Request.
  Time since last request: 0.000022 seconds.
  path: Assets/Pics/Backgrounds/pixil-frame-0 (14).png
  artifactKey: Guid(d186f42a099a44049bcf3bc245e8e352) Importer(815301076,1909f56bfc062723c751e8b465ee728b)
Start importing Assets/Pics/Backgrounds/pixil-frame-0 (14).png using Guid(d186f42a099a44049bcf3bc245e8e352) Importer(815301076,1909f56bfc062723c751e8b465ee728b)  -> (artifact id: 'e633622286c8e26512d0b3120f93a112') in 0.006224 seconds
Number of updated asset objects reloaded before import = 0
Number of asset objects unloaded after import = 3
========================================================================
Received Import Request.
  Time since last request: 0.000011 seconds.
  path: Assets/Pics/Backgrounds/3 1.png
  artifactKey: Guid(e1a9452c473870e40bb9de5f2375c8cb) Importer(815301076,1909f56bfc062723c751e8b465ee728b)
Start importing Assets/Pics/Backgrounds/3 1.png using Guid(e1a9452c473870e40bb9de5f2375c8cb) Importer(815301076,1909f56bfc062723c751e8b465ee728b)  -> (artifact id: '1e44806dbe401cbe2141f6691ed6aabb') in 0.005402 seconds
Number of updated asset objects reloaded before import = 0
Number of asset objects unloaded after import = 3
========================================================================
Received Import Request.
  Time since last request: 0.000012 seconds.
  path: Assets/Pics/Backgrounds/orig.png
  artifactKey: Guid(1e64003a4f25e3549b5b09567288bf75) Importer(815301076,1909f56bfc062723c751e8b465ee728b)
Start importing Assets/Pics/Backgrounds/orig.png using Guid(1e64003a4f25e3549b5b09567288bf75) Importer(815301076,1909f56bfc062723c751e8b465ee728b)  -> (artifact id: '04929adf9fb5b99b1acc5c5bb567fd63') in 0.006432 seconds
Number of updated asset objects reloaded before import = 0
Number of asset objects unloaded after import = 3
========================================================================
Received Import Request.
  Time since last request: 0.000013 seconds.
  path: Assets/Pics/Backgrounds/3 2.png
  artifactKey: Guid(02e7ac4f1c76c4145a701743247ebf4c) Importer(815301076,1909f56bfc062723c751e8b465ee728b)
Start importing Assets/Pics/Backgrounds/3 2.png using Guid(02e7ac4f1c76c4145a701743247ebf4c) Importer(815301076,1909f56bfc062723c751e8b465ee728b)  -> (artifact id: '459e28d092f1071981b3543862bd8e03') in 0.006194 seconds
Number of updated asset objects reloaded before import = 0
Number of asset objects unloaded after import = 3
========================================================================
Received Import Request.
  Time since last request: 0.000012 seconds.
  path: Assets/Pics/Backgrounds/1 2.png
  artifactKey: Guid(8de69f1e62c953a438c694fb8f508f18) Importer(815301076,1909f56bfc062723c751e8b465ee728b)
Start importing Assets/Pics/Backgrounds/1 2.png using Guid(8de69f1e62c953a438c694fb8f508f18) Importer(815301076,1909f56bfc062723c751e8b465ee728b)  -> (artifact id: '753cbb627a10c337e4b3278d6423b200') in 0.007004 seconds
Number of updated asset objects reloaded before import = 0
Number of asset objects unloaded after import = 3
========================================================================
Received Import Request.
  Time since last request: 0.000011 seconds.
  path: Assets/Pics/Backgrounds/1 1.png
  artifactKey: Guid(e500dbb0b6bb47946b07d7a80ea4b5e1) Importer(815301076,1909f56bfc062723c751e8b465ee728b)
Start importing Assets/Pics/Backgrounds/1 1.png using Guid(e500dbb0b6bb47946b07d7a80ea4b5e1) Importer(815301076,1909f56bfc062723c751e8b465ee728b)  -> (artifact id: 'e951f9ecbfc9716f41b5ff9ce18fecfc') in 0.006704 seconds
Number of updated asset objects reloaded before import = 0
Number of asset objects unloaded after import = 3
========================================================================
Received Import Request.
  Time since last request: 215.799621 seconds.
  path: Assets/Prefabs/Book 1.prefab
  artifactKey: Guid(33579691e79911042bc10981a73a7839) Importer(815301076,1909f56bfc062723c751e8b465ee728b)
Start importing Assets/Prefabs/Book 1.prefab using Guid(33579691e79911042bc10981a73a7839) Importer(815301076,1909f56bfc062723c751e8b465ee728b)  -> (artifact id: '23d8fdc0ae9a04c959489fb175c2fa54') in 0.033967 seconds
Number of updated asset objects reloaded before import = 0
Number of asset objects unloaded after import = 9
========================================================================
Received Import Request.
  Time since last request: 0.000016 seconds.
  path: Assets/Prefabs/Cactus 1.prefab
  artifactKey: Guid(907cb64c97930f54ca493bac51719ea4) Importer(815301076,1909f56bfc062723c751e8b465ee728b)
Start importing Assets/Prefabs/Cactus 1.prefab using Guid(907cb64c97930f54ca493bac51719ea4) Importer(815301076,1909f56bfc062723c751e8b465ee728b)  -> (artifact id: '7625b611d6600da25faf64522467cf6b') in 0.005244 seconds
Number of updated asset objects reloaded before import = 0
Number of asset objects unloaded after import = 9
========================================================================
Received Import Request.
  Time since last request: 0.000022 seconds.
  path: Assets/Prefabs/Cap 1.prefab
  artifactKey: Guid(7409f35c0ea301f48ac2ed196d117cdc) Importer(815301076,1909f56bfc062723c751e8b465ee728b)
Start importing Assets/Prefabs/Cap 1.prefab using Guid(7409f35c0ea301f48ac2ed196d117cdc) Importer(815301076,1909f56bfc062723c751e8b465ee728b)  -> (artifact id: '3a309d633f7bab49b6fd10e49b30db1b') in 0.005190 seconds
Number of updated asset objects reloaded before import = 0
Number of asset objects unloaded after import = 9
========================================================================
Received Import Request.
  Time since last request: 0.000013 seconds.
  path: Assets/Prefabs/Match 1.prefab
  artifactKey: Guid(13342f0a2efd02045adc00847052704c) Importer(815301076,1909f56bfc062723c751e8b465ee728b)
Start importing Assets/Prefabs/Match 1.prefab using Guid(13342f0a2efd02045adc00847052704c) Importer(815301076,1909f56bfc062723c751e8b465ee728b)  -> (artifact id: '1416a63e5a8f5cab0e5425018c5bb1b4') in 0.005226 seconds
Number of updated asset objects reloaded before import = 0
Number of asset objects unloaded after import = 9
========================================================================
Received Import Request.
  Time since last request: 0.000012 seconds.
  path: Assets/Prefabs/Water 1.prefab
  artifactKey: Guid(627db79e7be478744bb0a2a7118fc65b) Importer(815301076,1909f56bfc062723c751e8b465ee728b)
Start importing Assets/Prefabs/Water 1.prefab using Guid(627db79e7be478744bb0a2a7118fc65b) Importer(815301076,1909f56bfc062723c751e8b465ee728b)  -> (artifact id: '43dbd2fff503d39724bcd752e44a8238') in 0.004616 seconds
Number of updated asset objects reloaded before import = 0
Number of asset objects unloaded after import = 9
========================================================================
Received Import Request.
  Time since last request: 3.972608 seconds.
  path: Assets/Pics/Characters/idle_down.png
  artifactKey: Guid(91ef2ba731fc60841949adbe6dc113c9) Importer(815301076,1909f56bfc062723c751e8b465ee728b)
Start importing Assets/Pics/Characters/idle_down.png using Guid(91ef2ba731fc60841949adbe6dc113c9) Importer(815301076,1909f56bfc062723c751e8b465ee728b)  -> (artifact id: 'cd9092344f533c5113e8f84b2e1d12ad') in 0.031089 seconds
Number of updated asset objects reloaded before import = 0
Number of asset objects unloaded after import = 10
========================================================================
Received Import Request.
  Time since last request: 0.000016 seconds.
  path: Assets/Pics/Characters/pixil-frame-0 (12).png
  artifactKey: Guid(feb7f3dff45dba444a338225c2e9f46a) Importer(815301076,1909f56bfc062723c751e8b465ee728b)
Start importing Assets/Pics/Characters/pixil-frame-0 (12).png using Guid(feb7f3dff45dba444a338225c2e9f46a) Importer(815301076,1909f56bfc062723c751e8b465ee728b)  -> (artifact id: 'c16fa6cd8d446edbc9d252397c43eb79') in 0.032115 seconds
Number of updated asset objects reloaded before import = 0
Number of asset objects unloaded after import = 10
========================================================================
Received Import Request.
  Time since last request: 0.000035 seconds.
  path: Assets/Pics/Characters/pixil-frame-0 (3).png
  artifactKey: Guid(2d4d57aa94a07d64baf5f21126821e0a) Importer(815301076,1909f56bfc062723c751e8b465ee728b)
Start importing Assets/Pics/Characters/pixil-frame-0 (3).png using Guid(2d4d57aa94a07d64baf5f21126821e0a) Importer(815301076,1909f56bfc062723c751e8b465ee728b)  -> (artifact id: '643c44e625d257517d38be2e39afe9e8') in 0.031673 seconds
Number of updated asset objects reloaded before import = 0
Number of asset objects unloaded after import = 3
========================================================================
Received Import Request.
  Time since last request: 0.000011 seconds.
  path: Assets/Pics/Characters/pixil-frame-0 (2).png
  artifactKey: Guid(dedb97bc193c56d4a8b6d5cda7e890b8) Importer(815301076,1909f56bfc062723c751e8b465ee728b)
Start importing Assets/Pics/Characters/pixil-frame-0 (2).png using Guid(dedb97bc193c56d4a8b6d5cda7e890b8) Importer(815301076,1909f56bfc062723c751e8b465ee728b)  -> (artifact id: '5e2d10ee4ed7d7e3e5bb7438871b22a7') in 0.017531 seconds
Number of updated asset objects reloaded before import = 0
Number of asset objects unloaded after import = 3
Editor requested this worker to shutdown with reason: Scaling down because of idle timeout
TcpMessagingSession - receive error: operation aborted. errorcode: 995, details: I/O-toiminto keskeytettiin joko säikeen poistumisen tai sovelluksen pyynnön vuoksi.
AssetImportWorker is now disconnected from the server
Process exiting
Exiting without the bug reporter. Application will terminate with return code 0