Using pre-set license
Built from '2022.3/staging' branch; Version is '2022.3.21f1 (bf09ca542b87) revision 12519882'; Using compiler version '192829333'; Build Type 'Release'
OS: 'Windows 10  (10.0.19045) 64bit Enterprise' Language: 'fi' Physical Memory: 16171 MB
BatchMode: 1, IsHumanControllingUs: 0, StartBugReporterOnCrash: 0, Is64bit: 1, IsPro: 1

COMMAND LINE ARGUMENTS:
C:\Program Files\Unity\Hub\Editor\2022.3.21f1\Editor\Unity.exe
-adb2
-batchMode
-noUpm
-name
AssetImportWorker2
-projectPath
C:/Users/nadiia.haidash/Documents/GitHub/Summer-Memories/Summer Memories
-logFile
Logs/AssetImportWorker2.log
-srvPort
55115
Successfully changed project path to: C:/Users/nadiia.haidash/Documents/GitHub/Summer-Memories/Summer Memories
C:/Users/nadiia.haidash/Documents/GitHub/Summer-Memories/Summer Memories
[UnityMemory] Configuration Parameters - Can be set up in boot.config
    "memorysetup-bucket-allocator-granularity=16"
    "memorysetup-bucket-allocator-bucket-count=8"
    "memorysetup-bucket-allocator-block-size=33554432"
    "memorysetup-bucket-allocator-block-count=8"
    "memorysetup-main-allocator-block-size=16777216"
    "memorysetup-thread-allocator-block-size=16777216"
    "memorysetup-gfx-main-allocator-block-size=16777216"
    "memorysetup-gfx-thread-allocator-block-size=16777216"
    "memorysetup-cache-allocator-block-size=4194304"
    "memorysetup-typetree-allocator-block-size=2097152"
    "memorysetup-profiler-bucket-allocator-granularity=16"
    "memorysetup-profiler-bucket-allocator-bucket-count=8"
    "memorysetup-profiler-bucket-allocator-block-size=33554432"
    "memorysetup-profiler-bucket-allocator-block-count=8"
    "memorysetup-profiler-allocator-block-size=16777216"
    "memorysetup-profiler-editor-allocator-block-size=1048576"
    "memorysetup-temp-allocator-size-main=16777216"
    "memorysetup-job-temp-allocator-block-size=2097152"
    "memorysetup-job-temp-allocator-block-size-background=1048576"
    "memorysetup-job-temp-allocator-reduction-small-platforms=262144"
    "memorysetup-allocator-temp-initial-block-size-main=262144"
    "memorysetup-allocator-temp-initial-block-size-worker=262144"
    "memorysetup-temp-allocator-size-background-worker=32768"
    "memorysetup-temp-allocator-size-job-worker=262144"
    "memorysetup-temp-allocator-size-preload-manager=33554432"
    "memorysetup-temp-allocator-size-nav-mesh-worker=65536"
    "memorysetup-temp-allocator-size-audio-worker=65536"
    "memorysetup-temp-allocator-size-cloud-worker=32768"
    "memorysetup-temp-allocator-size-gi-baking-worker=262144"
    "memorysetup-temp-allocator-size-gfx=262144"
Player connection [4952] Host "[IP] 10.20.12.162 [Port] 0 [Flags] 2 [Guid] 2373986294 [EditorId] 2373986294 [Version] 1048832 [Id] WindowsEditor(7,VUOKSI-DT-93) [Debug] 1 [PackageName] WindowsEditor [ProjectName] Editor" joined multi-casting on [225.0.0.222:54997]...

Player connection [4952] Host "[IP] 10.20.12.162 [Port] 0 [Flags] 2 [Guid] 2373986294 [EditorId] 2373986294 [Version] 1048832 [Id] WindowsEditor(7,VUOKSI-DT-93) [Debug] 1 [PackageName] WindowsEditor [ProjectName] Editor" joined alternative multi-casting on [225.0.0.222:34997]...

[Physics::Module] Initialized MultithreadedJobDispatcher with 11 workers.
Refreshing native plugins compatible for Editor in 11.26 ms, found 4 plugins.
Preloading 0 native plugins for Editor in 0.00 ms.
Initialize engine version: 2022.3.21f1 (bf09ca542b87)
[Subsystems] Discovering subsystems at path C:/Program Files/Unity/Hub/Editor/2022.3.21f1/Editor/Data/Resources/UnitySubsystems
[Subsystems] Discovering subsystems at path C:/Users/nadiia.haidash/Documents/GitHub/Summer-Memories/Summer Memories/Assets
GfxDevice: creating device client; threaded=0; jobified=0
Direct3D:
    Version:  Direct3D 11.0 [level 11.1]
    Renderer: NVIDIA GeForce RTX 3060 (ID=0x2504)
    Vendor:   NVIDIA
    VRAM:     12115 MB
    Driver:   31.0.15.5222
Initialize mono
Mono path[0] = 'C:/Program Files/Unity/Hub/Editor/2022.3.21f1/Editor/Data/Managed'
Mono path[1] = 'C:/Program Files/Unity/Hub/Editor/2022.3.21f1/Editor/Data/MonoBleedingEdge/lib/mono/unityjit-win32'
Mono config path = 'C:/Program Files/Unity/Hub/Editor/2022.3.21f1/Editor/Data/MonoBleedingEdge/etc'
Using monoOptions --debugger-agent=transport=dt_socket,embedding=1,server=y,suspend=n,address=127.0.0.1:56628
Begin MonoManager ReloadAssembly
Registering precompiled unity dll's ...
Register platform support module: C:/Program Files/Unity/Hub/Editor/2022.3.21f1/Editor/Data/PlaybackEngines/WindowsStandaloneSupport/UnityEditor.WindowsStandalone.Extensions.dll
Registered in 0.012528 seconds.
- Loaded All Assemblies, in  0.270 seconds
Native extension for WindowsStandalone target not found
Mono: successfully reloaded assembly
- Finished resetting the current domain, in  0.179 seconds
Domain Reload Profiling: 446ms
	BeginReloadAssembly (92ms)
		ExecutionOrderSort (0ms)
		DisableScriptedObjects (0ms)
		BackupInstance (0ms)
		ReleaseScriptingObjects (0ms)
		CreateAndSetChildDomain (1ms)
	RebuildCommonClasses (24ms)
	RebuildNativeTypeToScriptingClass (7ms)
	initialDomainReloadingComplete (55ms)
	LoadAllAssembliesAndSetupDomain (89ms)
		LoadAssemblies (89ms)
		RebuildTransferFunctionScriptingTraits (0ms)
		AnalyzeDomain (88ms)
			TypeCache.Refresh (87ms)
				TypeCache.ScanAssembly (77ms)
			ScanForSourceGeneratedMonoScriptInfo (0ms)
			ResolveRequiredComponents (0ms)
	FinalizeReload (179ms)
		ReleaseScriptCaches (0ms)
		RebuildScriptCaches (0ms)
		SetupLoadedEditorAssemblies (140ms)
			LogAssemblyErrors (0ms)
			InitializePlatformSupportModulesInManaged (8ms)
			SetLoadedEditorAssemblies (5ms)
			RefreshPlugins (0ms)
			BeforeProcessingInitializeOnLoad (1ms)
			ProcessInitializeOnLoadAttributes (94ms)
			ProcessInitializeOnLoadMethodAttributes (30ms)
			AfterProcessingInitializeOnLoad (0ms)
			EditorAssembliesLoaded (0ms)
		ExecutionOrderSort2 (0ms)
		AwakeInstancesAfterBackupRestoration (0ms)
========================================================================
Worker process is ready to serve import requests
Begin MonoManager ReloadAssembly
- Loaded All Assemblies, in  0.504 seconds
Refreshing native plugins compatible for Editor in 5.27 ms, found 4 plugins.
Native extension for WindowsStandalone target not found
Package Manager log level set to [2]
[Package Manager] Server::EnsureServerProcessIsRunning -- launch failed, reason: Unity was launched with the -noUpm command-line argument
[Package Manager] UpmClient::Send -- Unable to send message (not connected to UPM process).
[Package Manager] Cannot connect to Unity Package Manager local server
Mono: successfully reloaded assembly
- Finished resetting the current domain, in  0.410 seconds
Domain Reload Profiling: 909ms
	BeginReloadAssembly (118ms)
		ExecutionOrderSort (0ms)
		DisableScriptedObjects (3ms)
		BackupInstance (0ms)
		ReleaseScriptingObjects (0ms)
		CreateAndSetChildDomain (14ms)
	RebuildCommonClasses (25ms)
	RebuildNativeTypeToScriptingClass (7ms)
	initialDomainReloadingComplete (36ms)
	LoadAllAssembliesAndSetupDomain (313ms)
		LoadAssemblies (282ms)
		RebuildTransferFunctionScriptingTraits (0ms)
		AnalyzeDomain (107ms)
			TypeCache.Refresh (91ms)
				TypeCache.ScanAssembly (81ms)
			ScanForSourceGeneratedMonoScriptInfo (13ms)
			ResolveRequiredComponents (3ms)
	FinalizeReload (411ms)
		ReleaseScriptCaches (0ms)
		RebuildScriptCaches (0ms)
		SetupLoadedEditorAssemblies (316ms)
			LogAssemblyErrors (0ms)
			InitializePlatformSupportModulesInManaged (7ms)
			SetLoadedEditorAssemblies (3ms)
			RefreshPlugins (0ms)
			BeforeProcessingInitializeOnLoad (60ms)
			ProcessInitializeOnLoadAttributes (213ms)
			ProcessInitializeOnLoadMethodAttributes (23ms)
			AfterProcessingInitializeOnLoad (11ms)
			EditorAssembliesLoaded (0ms)
		ExecutionOrderSort2 (0ms)
		AwakeInstancesAfterBackupRestoration (4ms)
Launched and connected shader compiler UnityShaderCompiler.exe after 0.03 seconds
Refreshing native plugins compatible for Editor in 6.14 ms, found 4 plugins.
Preloading 0 native plugins for Editor in 0.00 ms.
Unloading 4042 Unused Serialized files (Serialized files now loaded: 0)
Unloading 70 unused Assets / (244.5 KB). Loaded Objects now: 4498.
Memory consumption went from 147.6 MB to 147.3 MB.
Total: 2.433000 ms (FindLiveObjects: 0.172500 ms CreateObjectMapping: 0.066900 ms MarkObjects: 2.042900 ms  DeleteObjects: 0.150100 ms)

AssetImportParameters requested are different than current active one (requested -> active):
  custom:container-demuxer-ogg: 62fdf1f143b41e24485cea50d1cbac27 -> 
  custom:video-decoder-ogg-theora: a1e56fd34408186e4bbccfd4996cb3dc -> 
  custom:framework-win-MediaFoundation: 216162199b28c13a410421893ffa2e32 -> 
  custom:CustomObjectIndexerAttribute: 9a22284fe3817be447336de3de66b15e -> 
  custom:container-demuxer-webm: 4f35f7cbe854078d1ac9338744f61a02 -> 
  custom:container-muxer-webm: aa71ff27fc2769a1b78a27578f13a17b -> 
  custom:video-decoder-webm-vp8: 9c59270c3fd7afecdb556c50c9e8de78 -> 
  custom:SearchIndexIgnoredProperties: e643bd26f0fe6173181afceb89e7c659 -> 
  custom:AudioImporter_EditorPlatform: d09bf68614088b80899f8185d706f6e7 -> 
  custom:video-encoder-webm-vp8: eb34c28f22e8b96e1ab97ce403110664 -> 
  custom:audio-decoder-ogg-vorbis: bf7c407c2cedff20999df2af8eb42d56 -> 
  custom:audio-encoder-webm-vorbis: bf7c407c2cedff20999df2af8eb42d56 -> 
========================================================================
Received Import Request.
  Time since last request: 76634.604444 seconds.
  path: Assets/Pics/Backgrounds
  artifactKey: Guid(a8d4256138c85c140afd86d38a80271f) Importer(815301076,1909f56bfc062723c751e8b465ee728b)
Start importing Assets/Pics/Backgrounds using Guid(a8d4256138c85c140afd86d38a80271f) Importer(815301076,1909f56bfc062723c751e8b465ee728b)  -> (artifact id: '4194680ac8a259f619b7c4cc19c814ab') in 0.002758 seconds
Number of updated asset objects reloaded before import = 0
Number of asset objects unloaded after import = 0
========================================================================
Received Import Request.
  Time since last request: 15.724234 seconds.
  path: Assets/Pics/Comp
  artifactKey: Guid(1af332ab792096c4ea8a02cf587da6cc) Importer(815301076,1909f56bfc062723c751e8b465ee728b)
Start importing Assets/Pics/Comp using Guid(1af332ab792096c4ea8a02cf587da6cc) Importer(815301076,1909f56bfc062723c751e8b465ee728b)  -> (artifact id: '21ce0b6da715aec6130ffe70a1557dd6') in 0.000714 seconds
Number of updated asset objects reloaded before import = 0
Number of asset objects unloaded after import = 0
========================================================================
Received Import Request.
  Time since last request: 217.364840 seconds.
  path: Assets/Pics/Backgrounds/1.png
  artifactKey: Guid(f1d5ede7c9028ab469809f3c5902a6a6) Importer(815301076,1909f56bfc062723c751e8b465ee728b)
Start importing Assets/Pics/Backgrounds/1.png using Guid(f1d5ede7c9028ab469809f3c5902a6a6) Importer(815301076,1909f56bfc062723c751e8b465ee728b)  -> (artifact id: 'a231015e8377a397d6d0fcbfb8e48805') in 0.117778 seconds
Number of updated asset objects reloaded before import = 0
Number of asset objects unloaded after import = 3
========================================================================
Received Import Request.
  Time since last request: 0.000016 seconds.
  path: Assets/Pics/Backgrounds/4.png
  artifactKey: Guid(f546002204f696c43b95e15d9e126c80) Importer(815301076,1909f56bfc062723c751e8b465ee728b)
Start importing Assets/Pics/Backgrounds/4.png using Guid(f546002204f696c43b95e15d9e126c80) Importer(815301076,1909f56bfc062723c751e8b465ee728b)  -> (artifact id: '9c94f4d0d43a51f9de44533762692ddc') in 0.035756 seconds
Number of updated asset objects reloaded before import = 0
Number of asset objects unloaded after import = 3
========================================================================
Received Import Request.
  Time since last request: 0.000019 seconds.
  path: Assets/Pics/Backgrounds/3 1.png
  artifactKey: Guid(e1a9452c473870e40bb9de5f2375c8cb) Importer(815301076,1909f56bfc062723c751e8b465ee728b)
Start importing Assets/Pics/Backgrounds/3 1.png using Guid(e1a9452c473870e40bb9de5f2375c8cb) Importer(815301076,1909f56bfc062723c751e8b465ee728b)  -> (artifact id: '60b701790d3c691ad5accabb30c7df71') in 0.059735 seconds
Number of updated asset objects reloaded before import = 0
Number of asset objects unloaded after import = 3
========================================================================
Received Import Request.
  Time since last request: 0.000015 seconds.
  path: Assets/Pics/Backgrounds/2.png
  artifactKey: Guid(be8b3233ca2bf0644aa1df9299e4be6d) Importer(815301076,1909f56bfc062723c751e8b465ee728b)
Start importing Assets/Pics/Backgrounds/2.png using Guid(be8b3233ca2bf0644aa1df9299e4be6d) Importer(815301076,1909f56bfc062723c751e8b465ee728b)  -> (artifact id: '5df5460bd080dd90b52e2f543b97e4c5') in 0.035721 seconds
Number of updated asset objects reloaded before import = 0
Number of asset objects unloaded after import = 3
========================================================================
Received Import Request.
  Time since last request: 29.064391 seconds.
  path: Assets/Pics/Backgrounds/1.png
  artifactKey: Guid(f1d5ede7c9028ab469809f3c5902a6a6) Importer(815301076,1909f56bfc062723c751e8b465ee728b)
Start importing Assets/Pics/Backgrounds/1.png using Guid(f1d5ede7c9028ab469809f3c5902a6a6) Importer(815301076,1909f56bfc062723c751e8b465ee728b)  -> (artifact id: 'd22be108ec1765110580a1296f6071e9') in 0.009020 seconds
Number of updated asset objects reloaded before import = 0
Number of asset objects unloaded after import = 3
========================================================================
Received Import Request.
  Time since last request: 0.017833 seconds.
  path: Assets/Pics/Backgrounds/1 1.png
  artifactKey: Guid(e500dbb0b6bb47946b07d7a80ea4b5e1) Importer(815301076,1909f56bfc062723c751e8b465ee728b)
Start importing Assets/Pics/Backgrounds/1 1.png using Guid(e500dbb0b6bb47946b07d7a80ea4b5e1) Importer(815301076,1909f56bfc062723c751e8b465ee728b)  -> (artifact id: '7453178a4143e1d310a8f6265665a3c8') in 0.024014 seconds
Number of updated asset objects reloaded before import = 0
Number of asset objects unloaded after import = 3
========================================================================
Received Import Request.
  Time since last request: 0.000011 seconds.
  path: Assets/Pics/Backgrounds/4 1.png
  artifactKey: Guid(49b2662e9e13af449aa53b8068990151) Importer(815301076,1909f56bfc062723c751e8b465ee728b)
Start importing Assets/Pics/Backgrounds/4 1.png using Guid(49b2662e9e13af449aa53b8068990151) Importer(815301076,1909f56bfc062723c751e8b465ee728b)  -> (artifact id: 'ade646d9eea2fe3df9bae708720ce750') in 0.028579 seconds
Number of updated asset objects reloaded before import = 0
Number of asset objects unloaded after import = 3
========================================================================
Received Import Request.
  Time since last request: 0.000014 seconds.
  path: Assets/Pics/Backgrounds/orig 1.png
  artifactKey: Guid(8f45d94dc4b5753449829d592b7532a7) Importer(815301076,1909f56bfc062723c751e8b465ee728b)
Start importing Assets/Pics/Backgrounds/orig 1.png using Guid(8f45d94dc4b5753449829d592b7532a7) Importer(815301076,1909f56bfc062723c751e8b465ee728b)  -> (artifact id: '91bf68dd483f5220cb63a47cea47b536') in 0.006425 seconds
Number of updated asset objects reloaded before import = 0
Number of asset objects unloaded after import = 3
========================================================================
Received Import Request.
  Time since last request: 0.000013 seconds.
  path: Assets/Pics/Backgrounds/orig.png
  artifactKey: Guid(1e64003a4f25e3549b5b09567288bf75) Importer(815301076,1909f56bfc062723c751e8b465ee728b)
Start importing Assets/Pics/Backgrounds/orig.png using Guid(1e64003a4f25e3549b5b09567288bf75) Importer(815301076,1909f56bfc062723c751e8b465ee728b)  -> (artifact id: '775ebe205dfe32d3088bc60d5dec58a4') in 0.005537 seconds
Number of updated asset objects reloaded before import = 0
Number of asset objects unloaded after import = 3
Editor requested this worker to shutdown with reason: Scaling down because of idle timeout
TcpMessagingSession - receive error: operation aborted. errorcode: 995, details: I/O-toiminto keskeytettiin joko säikeen poistumisen tai sovelluksen pyynnön vuoksi.
AssetImportWorker is now disconnected from the server
Process exiting
Exiting without the bug reporter. Application will terminate with return code 0